[2025-11-26 16:31:14] =========================================
[2025-11-26 16:31:14] PostgreSQL to Supabase 백업 시작
[2025-11-26 16:31:14] =========================================
[2025-11-26 16:31:14] 백업 중: production_management_system_production
[2025-11-26 16:31:14]   1/3: 로컬 PostgreSQL 덤프 생성...
[2025-11-26 16:31:15]   ✓ 덤프 생성 완료: /tmp/pg_backup/production_management_system_production_20251126_163114.sql
[2025-11-26 16:31:15]   2/3: Supabase 데이터베이스 확인...
[2025-11-26 16:31:15]   3/3: Supabase로 복원 중...
SET
SET
SET
SET
SET
SET
 set_config 
------------
 
(1 row)

SET
SET
SET
SET
ALTER TABLE
ALTER TABLE
ALTER TABLE
ALTER TABLE
ALTER TABLE
ALTER TABLE
ALTER TABLE
ALTER TABLE
ALTER TABLE
ALTER TABLE
ALTER TABLE
ALTER TABLE
ALTER TABLE
ALTER TABLE
ALTER TABLE
ALTER TABLE
ALTER TABLE
ALTER TABLE
ALTER TABLE
ALTER TABLE
ALTER TABLE
ALTER TABLE
ALTER TABLE
ALTER TABLE
ALTER TABLE
ALTER TABLE
ALTER TABLE
ALTER TABLE
ALTER TABLE
ALTER TABLE
DROP INDEX
DROP INDEX
DROP INDEX
DROP INDEX
DROP INDEX
DROP INDEX
DROP INDEX
DROP INDEX
DROP INDEX
DROP INDEX
DROP INDEX
DROP INDEX
DROP INDEX
DROP INDEX
DROP INDEX
DROP INDEX
DROP INDEX
DROP INDEX
DROP INDEX
DROP INDEX
DROP INDEX
DROP INDEX
DROP INDEX
DROP INDEX
DROP INDEX
DROP INDEX
DROP INDEX
DROP INDEX
DROP INDEX
DROP INDEX
DROP INDEX
DROP INDEX
DROP INDEX
DROP INDEX
DROP INDEX
DROP INDEX
DROP INDEX
DROP INDEX
DROP INDEX
DROP INDEX
DROP INDEX
DROP INDEX
DROP INDEX
DROP INDEX
DROP INDEX
DROP INDEX
DROP INDEX
DROP INDEX
DROP INDEX
DROP INDEX
DROP INDEX
DROP INDEX
DROP INDEX
DROP INDEX
DROP INDEX
DROP INDEX
DROP INDEX
DROP INDEX
DROP INDEX
DROP INDEX
DROP INDEX
DROP INDEX
DROP INDEX
DROP INDEX
ALTER TABLE
ALTER TABLE
ALTER TABLE
ALTER TABLE
ALTER TABLE
ALTER TABLE
ALTER TABLE
ALTER TABLE
ALTER TABLE
ALTER TABLE
ALTER TABLE
ALTER TABLE
ALTER TABLE
ALTER TABLE
ALTER TABLE
ALTER TABLE
ALTER TABLE
ALTER TABLE
ALTER TABLE
ALTER TABLE
ALTER TABLE
ALTER TABLE
ALTER TABLE
ALTER TABLE
ALTER TABLE
ALTER TABLE
ALTER TABLE
ALTER TABLE
ALTER TABLE
ALTER TABLE
ALTER TABLE
ALTER TABLE
ALTER TABLE
ALTER TABLE
ALTER TABLE
ALTER TABLE
ALTER TABLE
ALTER TABLE
ALTER TABLE
ALTER TABLE
ALTER TABLE
ALTER TABLE
ALTER TABLE
ALTER TABLE
ALTER TABLE
ALTER TABLE
ALTER TABLE
ALTER TABLE
ALTER TABLE
ALTER TABLE
ALTER TABLE
ALTER TABLE
ALTER TABLE
ALTER TABLE
ALTER TABLE
ALTER TABLE
ALTER TABLE
ALTER TABLE
ALTER TABLE
ALTER TABLE
ALTER TABLE
ALTER TABLE
ALTER TABLE
ALTER TABLE
ALTER TABLE
ALTER TABLE
ALTER TABLE
ALTER TABLE
DROP SEQUENCE
DROP TABLE
DROP SEQUENCE
DROP TABLE
DROP SEQUENCE
DROP TABLE
DROP SEQUENCE
DROP TABLE
DROP SEQUENCE
DROP TABLE
DROP TABLE
DROP SEQUENCE
DROP TABLE
DROP SEQUENCE
DROP TABLE
DROP SEQUENCE
DROP TABLE
DROP SEQUENCE
DROP TABLE
DROP SEQUENCE
DROP TABLE
DROP SEQUENCE
DROP TABLE
DROP SEQUENCE
DROP TABLE
DROP SEQUENCE
DROP TABLE
DROP SEQUENCE
DROP TABLE
DROP SEQUENCE
DROP TABLE
DROP SEQUENCE
DROP TABLE
DROP SEQUENCE
DROP TABLE
DROP SEQUENCE
DROP TABLE
DROP SEQUENCE
DROP TABLE
DROP SEQUENCE
DROP TABLE
DROP SEQUENCE
DROP TABLE
DROP SEQUENCE
DROP TABLE
DROP SEQUENCE
DROP TABLE
DROP SEQUENCE
DROP TABLE
DROP SEQUENCE
DROP TABLE
DROP SEQUENCE
DROP TABLE
DROP SEQUENCE
DROP TABLE
DROP SEQUENCE
DROP TABLE
DROP SEQUENCE
DROP TABLE
DROP SEQUENCE
DROP TABLE
DROP SEQUENCE
DROP TABLE
DROP SEQUENCE
DROP TABLE
DROP SEQUENCE
DROP TABLE
DROP TABLE
SET
SET
CREATE TABLE
CREATE TABLE
CREATE SEQUENCE
ALTER SEQUENCE
CREATE TABLE
CREATE SEQUENCE
ALTER SEQUENCE
CREATE TABLE
CREATE SEQUENCE
ALTER SEQUENCE
CREATE TABLE
CREATE SEQUENCE
ALTER SEQUENCE
CREATE TABLE
CREATE SEQUENCE
ALTER SEQUENCE
CREATE TABLE
CREATE SEQUENCE
ALTER SEQUENCE
CREATE TABLE
CREATE SEQUENCE
ALTER SEQUENCE
CREATE TABLE
CREATE SEQUENCE
ALTER SEQUENCE
CREATE TABLE
CREATE SEQUENCE
ALTER SEQUENCE
CREATE TABLE
CREATE SEQUENCE
ALTER SEQUENCE
CREATE TABLE
CREATE SEQUENCE
ALTER SEQUENCE
CREATE TABLE
CREATE SEQUENCE
ALTER SEQUENCE
CREATE TABLE
CREATE SEQUENCE
ALTER SEQUENCE
CREATE TABLE
CREATE SEQUENCE
ALTER SEQUENCE
CREATE TABLE
CREATE SEQUENCE
ALTER SEQUENCE
CREATE TABLE
CREATE SEQUENCE
ALTER SEQUENCE
CREATE TABLE
CREATE SEQUENCE
ALTER SEQUENCE
CREATE TABLE
CREATE SEQUENCE
ALTER SEQUENCE
CREATE TABLE
CREATE SEQUENCE
ALTER SEQUENCE
CREATE TABLE
CREATE SEQUENCE
ALTER SEQUENCE
CREATE TABLE
CREATE SEQUENCE
ALTER SEQUENCE
CREATE TABLE
CREATE SEQUENCE
ALTER SEQUENCE
CREATE TABLE
CREATE SEQUENCE
ALTER SEQUENCE
CREATE TABLE
CREATE SEQUENCE
ALTER SEQUENCE
CREATE TABLE
CREATE SEQUENCE
ALTER SEQUENCE
CREATE TABLE
CREATE SEQUENCE
ALTER SEQUENCE
CREATE TABLE
CREATE SEQUENCE
ALTER SEQUENCE
CREATE TABLE
CREATE SEQUENCE
ALTER SEQUENCE
CREATE TABLE
CREATE TABLE
CREATE SEQUENCE
ALTER SEQUENCE
CREATE TABLE
CREATE SEQUENCE
ALTER SEQUENCE
CREATE TABLE
CREATE SEQUENCE
ALTER SEQUENCE
CREATE TABLE
CREATE SEQUENCE
ALTER SEQUENCE
CREATE TABLE
CREATE SEQUENCE
ALTER SEQUENCE
ALTER TABLE
ALTER TABLE
ALTER TABLE
ALTER TABLE
ALTER TABLE
ALTER TABLE
ALTER TABLE
ALTER TABLE
ALTER TABLE
ALTER TABLE
ALTER TABLE
ALTER TABLE
ALTER TABLE
ALTER TABLE
ALTER TABLE
ALTER TABLE
ALTER TABLE
ALTER TABLE
ALTER TABLE
ALTER TABLE
ALTER TABLE
ALTER TABLE
ALTER TABLE
ALTER TABLE
ALTER TABLE
ALTER TABLE
ALTER TABLE
ALTER TABLE
ALTER TABLE
ALTER TABLE
ALTER TABLE
ALTER TABLE
ALTER TABLE
COPY 2
COPY 10
COPY 0
COPY 1
COPY 4
COPY 9
COPY 0
COPY 0
COPY 0
COPY 1
COPY 0
COPY 0
COPY 0
COPY 0
COPY 4
COPY 0
COPY 0
COPY 44
COPY 0
COPY 15
COPY 0
COPY 0
COPY 0
COPY 0
COPY 0
COPY 0
COPY 11
COPY 0
COPY 0
COPY 79
COPY 4
COPY 0
COPY 0
COPY 8
COPY 3
 setval 
--------
     15
(1 row)

 setval 
--------
      1
(1 row)

 setval 
--------
      1
(1 row)

 setval 
--------
      4
(1 row)

 setval 
--------
      9
(1 row)

 setval 
--------
      1
(1 row)

 setval 
--------
      1
(1 row)

 setval 
--------
      1
(1 row)

 setval 
--------
      1
(1 row)

 setval 
--------
      1
(1 row)

 setval 
--------
      1
(1 row)

 setval 
--------
      1
(1 row)

 setval 
--------
      1
(1 row)

 setval 
--------
      5
(1 row)

 setval 
--------
      1
(1 row)

 setval 
--------
      1
(1 row)

 setval 
--------
     58
(1 row)

 setval 
--------
      1
(1 row)

 setval 
--------
     15
(1 row)

 setval 
--------
      1
(1 row)

 setval 
--------
      1
(1 row)

 setval 
--------
      1
(1 row)

 setval 
--------
      1
(1 row)

 setval 
--------
      1
(1 row)

 setval 
--------
      1
(1 row)

 setval 
--------
     13
(1 row)

 setval 
--------
      1
(1 row)

 setval 
--------
      1
(1 row)

 setval 
--------
      4
(1 row)

 setval 
--------
      1
(1 row)

 setval 
--------
      1
(1 row)

 setval 
--------
      8
(1 row)

 setval 
--------
      5
(1 row)

ALTER TABLE
ALTER TABLE
ALTER TABLE
ALTER TABLE
ALTER TABLE
ALTER TABLE
ALTER TABLE
ALTER TABLE
ALTER TABLE
ALTER TABLE
ALTER TABLE
ALTER TABLE
ALTER TABLE
ALTER TABLE
ALTER TABLE
ALTER TABLE
ALTER TABLE
ALTER TABLE
ALTER TABLE
ALTER TABLE
ALTER TABLE
ALTER TABLE
ALTER TABLE
ALTER TABLE
ALTER TABLE
ALTER TABLE
ALTER TABLE
ALTER TABLE
ALTER TABLE
ALTER TABLE
ALTER TABLE
ALTER TABLE
ALTER TABLE
ALTER TABLE
ALTER TABLE
CREATE INDEX
CREATE INDEX
CREATE INDEX
CREATE INDEX
CREATE INDEX
CREATE INDEX
CREATE INDEX
CREATE INDEX
CREATE INDEX
CREATE INDEX
CREATE INDEX
CREATE INDEX
CREATE INDEX
CREATE INDEX
CREATE INDEX
CREATE INDEX
CREATE INDEX
CREATE INDEX
CREATE INDEX
CREATE INDEX
CREATE INDEX
CREATE INDEX
CREATE INDEX
CREATE INDEX
CREATE INDEX
CREATE INDEX
CREATE INDEX
CREATE INDEX
CREATE INDEX
CREATE INDEX
CREATE INDEX
CREATE INDEX
CREATE INDEX
CREATE INDEX
CREATE INDEX
CREATE INDEX
CREATE INDEX
CREATE INDEX
CREATE INDEX
CREATE INDEX
CREATE INDEX
CREATE INDEX
CREATE INDEX
CREATE INDEX
CREATE INDEX
CREATE INDEX
CREATE INDEX
CREATE INDEX
CREATE INDEX
CREATE INDEX
CREATE INDEX
CREATE INDEX
CREATE INDEX
CREATE INDEX
CREATE INDEX
CREATE INDEX
CREATE INDEX
CREATE INDEX
CREATE INDEX
CREATE INDEX
CREATE INDEX
CREATE INDEX
CREATE INDEX
CREATE INDEX
ALTER TABLE
ALTER TABLE
ALTER TABLE
ALTER TABLE
ALTER TABLE
ALTER TABLE
ALTER TABLE
ALTER TABLE
ALTER TABLE
ALTER TABLE
ALTER TABLE
ALTER TABLE
ALTER TABLE
ALTER TABLE
ALTER TABLE
ALTER TABLE
ALTER TABLE
ALTER TABLE
ALTER TABLE
ALTER TABLE
ALTER TABLE
ALTER TABLE
ALTER TABLE
ALTER TABLE
ALTER TABLE
ALTER TABLE
ALTER TABLE
ALTER TABLE
ALTER TABLE
ALTER TABLE
[2025-11-26 16:31:23]   ✓ 복원 완료: production_management_system_production
[2025-11-26 16:31:23]   ✓ 덤프 파일 압축: /tmp/pg_backup/production_management_system_production_20251126_163114.sql.gz
[2025-11-26 16:31:23] 백업 중: production_management_system_cache
[2025-11-26 16:31:23]   1/3: 로컬 PostgreSQL 덤프 생성...
[2025-11-26 16:31:24]   ✓ 덤프 생성 완료: /tmp/pg_backup/production_management_system_cache_20251126_163114.sql
[2025-11-26 16:31:24]   2/3: Supabase 데이터베이스 확인...
[2025-11-26 16:31:24]   3/3: Supabase로 복원 중...
SET
SET
SET
SET
SET
SET
 set_config 
------------
 
(1 row)

SET
SET
SET
SET
DROP INDEX
DROP INDEX
DROP INDEX
ALTER TABLE
ALTER TABLE
ALTER TABLE
ALTER TABLE
DROP SEQUENCE
DROP TABLE
DROP TABLE
DROP TABLE
SET
SET
CREATE TABLE
CREATE TABLE
CREATE TABLE
CREATE SEQUENCE
ALTER SEQUENCE
ALTER TABLE
COPY 2
COPY 1
COPY 0
 setval 
--------
      1
(1 row)

ALTER TABLE
ALTER TABLE
ALTER TABLE
CREATE INDEX
CREATE INDEX
CREATE INDEX
[2025-11-26 16:31:25]   ✓ 복원 완료: production_management_system_cache
[2025-11-26 16:31:25]   ✓ 덤프 파일 압축: /tmp/pg_backup/production_management_system_cache_20251126_163114.sql.gz
[2025-11-26 16:31:25] 백업 중: production_management_system_queue
[2025-11-26 16:31:25]   1/3: 로컬 PostgreSQL 덤프 생성...
[2025-11-26 16:31:25]   ✓ 덤프 생성 완료: /tmp/pg_backup/production_management_system_queue_20251126_163114.sql
[2025-11-26 16:31:25]   2/3: Supabase 데이터베이스 확인...
[2025-11-26 16:31:25]   3/3: Supabase로 복원 중...
SET
SET
SET
SET
SET
SET
 set_config 
------------
 
(1 row)

SET
SET
SET
SET
ALTER TABLE
ALTER TABLE
ALTER TABLE
ALTER TABLE
ALTER TABLE
ALTER TABLE
DROP INDEX
DROP INDEX
DROP INDEX
DROP INDEX
DROP INDEX
DROP INDEX
DROP INDEX
DROP INDEX
DROP INDEX
DROP INDEX
DROP INDEX
DROP INDEX
DROP INDEX
DROP INDEX
DROP INDEX
DROP INDEX
DROP INDEX
DROP INDEX
DROP INDEX
DROP INDEX
DROP INDEX
DROP INDEX
DROP INDEX
DROP INDEX
DROP INDEX
DROP INDEX
DROP INDEX
ALTER TABLE
ALTER TABLE
ALTER TABLE
ALTER TABLE
ALTER TABLE
ALTER TABLE
ALTER TABLE
ALTER TABLE
ALTER TABLE
ALTER TABLE
ALTER TABLE
ALTER TABLE
ALTER TABLE
ALTER TABLE
ALTER TABLE
ALTER TABLE
ALTER TABLE
ALTER TABLE
ALTER TABLE
ALTER TABLE
ALTER TABLE
ALTER TABLE
ALTER TABLE
ALTER TABLE
DROP SEQUENCE
DROP TABLE
DROP SEQUENCE
DROP TABLE
DROP SEQUENCE
DROP TABLE
DROP SEQUENCE
DROP TABLE
DROP SEQUENCE
DROP TABLE
DROP SEQUENCE
DROP TABLE
DROP SEQUENCE
DROP TABLE
DROP SEQUENCE
DROP TABLE
DROP SEQUENCE
DROP TABLE
DROP SEQUENCE
DROP TABLE
DROP SEQUENCE
DROP TABLE
DROP TABLE
DROP TABLE
SET
SET
CREATE TABLE
CREATE TABLE
CREATE TABLE
CREATE SEQUENCE
ALTER SEQUENCE
CREATE TABLE
CREATE SEQUENCE
ALTER SEQUENCE
CREATE TABLE
CREATE SEQUENCE
ALTER SEQUENCE
CREATE TABLE
CREATE SEQUENCE
ALTER SEQUENCE
CREATE TABLE
CREATE SEQUENCE
ALTER SEQUENCE
CREATE TABLE
CREATE SEQUENCE
ALTER SEQUENCE
CREATE TABLE
CREATE SEQUENCE
ALTER SEQUENCE
CREATE TABLE
CREATE SEQUENCE
ALTER SEQUENCE
CREATE TABLE
CREATE SEQUENCE
ALTER SEQUENCE
CREATE TABLE
CREATE SEQUENCE
ALTER SEQUENCE
CREATE TABLE
CREATE SEQUENCE
ALTER SEQUENCE
ALTER TABLE
ALTER TABLE
ALTER TABLE
ALTER TABLE
ALTER TABLE
ALTER TABLE
ALTER TABLE
ALTER TABLE
ALTER TABLE
ALTER TABLE
ALTER TABLE
COPY 2
COPY 1
COPY 0
COPY 0
COPY 0
COPY 0
COPY 0
COPY 0
COPY 0
COPY 0
COPY 0
COPY 0
COPY 0
 setval 
--------
      1
(1 row)

 setval 
--------
      1
(1 row)

 setval 
--------
      1
(1 row)

 setval 
--------
      1
(1 row)

 setval 
--------
      1
(1 row)

 setval 
--------
      1
(1 row)

 setval 
--------
      1
(1 row)

 setval 
--------
      1
(1 row)

 setval 
--------
      1
(1 row)

 setval 
--------
      1
(1 row)

 setval 
--------
      1
(1 row)

ALTER TABLE
ALTER TABLE
ALTER TABLE
ALTER TABLE
ALTER TABLE
ALTER TABLE
ALTER TABLE
ALTER TABLE
ALTER TABLE
ALTER TABLE
ALTER TABLE
ALTER TABLE
ALTER TABLE
CREATE INDEX
CREATE INDEX
CREATE INDEX
CREATE INDEX
CREATE INDEX
CREATE INDEX
CREATE INDEX
CREATE INDEX
CREATE INDEX
CREATE INDEX
CREATE INDEX
CREATE INDEX
CREATE INDEX
CREATE INDEX
CREATE INDEX
CREATE INDEX
CREATE INDEX
CREATE INDEX
CREATE INDEX
CREATE INDEX
CREATE INDEX
CREATE INDEX
CREATE INDEX
CREATE INDEX
CREATE INDEX
CREATE INDEX
CREATE INDEX
ALTER TABLE
ALTER TABLE
ALTER TABLE
ALTER TABLE
ALTER TABLE
ALTER TABLE
[2025-11-26 16:31:29]   ✓ 복원 완료: production_management_system_queue
[2025-11-26 16:31:29]   ✓ 덤프 파일 압축: /tmp/pg_backup/production_management_system_queue_20251126_163114.sql.gz
[2025-11-26 16:31:29] 백업 중: production_management_system_cable
[2025-11-26 16:31:29]   1/3: 로컬 PostgreSQL 덤프 생성...
[2025-11-26 16:31:29]   ✓ 덤프 생성 완료: /tmp/pg_backup/production_management_system_cable_20251126_163114.sql
[2025-11-26 16:31:29]   2/3: Supabase 데이터베이스 확인...
[2025-11-26 16:31:29]   3/3: Supabase로 복원 중...
SET
SET
SET
SET
SET
SET
 set_config 
------------
 
(1 row)

SET
SET
SET
SET
DROP INDEX
DROP INDEX
DROP INDEX
ALTER TABLE
ALTER TABLE
ALTER TABLE
ALTER TABLE
DROP SEQUENCE
DROP TABLE
DROP TABLE
DROP TABLE
SET
SET
CREATE TABLE
CREATE TABLE
CREATE TABLE
CREATE SEQUENCE
ALTER SEQUENCE
ALTER TABLE
COPY 2
COPY 1
COPY 0
 setval 
--------
      1
(1 row)

ALTER TABLE
ALTER TABLE
ALTER TABLE
CREATE INDEX
CREATE INDEX
CREATE INDEX
[2025-11-26 16:31:30]   ✓ 복원 완료: production_management_system_cable
[2025-11-26 16:31:30]   ✓ 덤프 파일 압축: /tmp/pg_backup/production_management_system_cable_20251126_163114.sql.gz
[2025-11-26 16:31:30] 오래된 백업 파일 정리 중...
[2025-11-26 16:31:30] ✓ 7일 이상 된 백업 파일 삭제 완료
[2025-11-26 16:31:30] =========================================
[2025-11-26 16:31:30] 백업 완료!
[2025-11-26 16:31:30] =========================================
[2025-11-26 16:31:30] 총 백업 크기: 424K
[2025-11-26 16:31:30] 백업 위치: /tmp/pg_backup
[2025-11-26 16:31:30] 로그 파일: /var/log/pg_backup.log
